<?xml version="1.0" encoding="UTF-8"?>
<!-- Generated by org.testng.reporters.JUnitReportReporter -->
<testsuite hostname="BIKASHS-WIN10" failures="0" tests="1" name="stringmanipulations.StringOperations" time="0.011" errors="0" timestamp="2025-03-19T13:12:19 IST" skipped="0">
  <testcase classname="stringmanipulations.StringOperations" name="s" time="0.011"/>
</testsuite> <!-- stringmanipulations.StringOperations -->
