<?xml version="1.0" encoding="UTF-8"?>
<!-- Generated by org.testng.reporters.JUnitReportReporter -->
<testsuite hostname="BIKASHS-WIN10" failures="0" tests="9" name="stringmanipulations.StringOperations" time="0.032" errors="0" timestamp="2025-03-17T17:20:24 IST" skipped="0">
  <testcase classname="stringmanipulations.StringOperations" name="removeDuplicatesFromString" time="0.005"/>
  <testcase classname="stringmanipulations.StringOperations" name="basicStringOperations" time="0.004"/>
  <testcase classname="stringmanipulations.StringOperations" name="findDuplicateCharacters" time="0.006"/>
  <testcase classname="stringmanipulations.StringOperations" name="findLengthOfString" time="0.004"/>
  <testcase classname="stringmanipulations.StringOperations" name="findVowelsAndConsonents" time="0.005"/>
  <testcase classname="stringmanipulations.StringOperations" name="occuranceOfEveryCharacter" time="0.001"/>
  <testcase classname="stringmanipulations.StringOperations" name="findDuplicateElements" time="0.006"/>
  <testcase classname="stringmanipulations.StringOperations" name="firstNonRepeatingChar" time="0.000"/>
  <testcase classname="stringmanipulations.StringOperations" name="reverseTheWords" time="0.001"/>
</testsuite> <!-- stringmanipulations.StringOperations -->
