<?xml version="1.0" encoding="UTF-8"?>
<!-- Generated by org.testng.reporters.JUnitReportReporter -->
<testsuite hostname="BIKASHS-WIN10" failures="0" tests="2" name="stringmanipulations.DemoString" time="0.003" errors="0" timestamp="2025-03-17T17:20:24 IST" skipped="0">
  <testcase classname="stringmanipulations.DemoString" name="demoStringTest1" time="0.001"/>
  <testcase classname="stringmanipulations.DemoString" name="demoStringTest2" time="0.002"/>
</testsuite> <!-- stringmanipulations.DemoString -->
